<?xml version="1.0" encoding="UTF-8"?>
<coverage generated="1771193432641" clover="3.2.0">
  <project timestamp="1771193432641" name="All files">
    <metrics statements="172" coveredstatements="119" conditionals="116" coveredconditionals="82" methods="52" coveredmethods="31" elements="340" coveredelements="232" complexity="0" loc="172" ncloc="172" packages="5" files="12" classes="12"/>
    <package name="components">
      <metrics statements="81" coveredstatements="36" conditionals="64" coveredconditionals="32" methods="38" coveredmethods="17"/>
      <file name="ColumnSelector.tsx" path="/home/runner/work/plane-tracker-monitor-ui/plane-tracker-monitor-ui/src/components/ColumnSelector.tsx">
        <metrics statements="14" coveredstatements="13" conditionals="4" coveredconditionals="4" methods="9" coveredmethods="8"/>
        <line num="19" count="1" type="stmt"/>
        <line num="24" count="27" type="stmt"/>
        <line num="26" count="27" type="stmt"/>
        <line num="27" count="6" type="stmt"/>
        <line num="28" count="30" type="cond" truecount="2" falsecount="0"/>
        <line num="30" count="6" type="stmt"/>
        <line num="33" count="27" type="stmt"/>
        <line num="37" count="11" type="stmt"/>
        <line num="48" count="0" type="stmt"/>
        <line num="56" count="1" type="stmt"/>
        <line num="65" count="130" type="stmt"/>
        <line num="68" count="6" type="stmt"/>
        <line num="86" count="1" type="stmt"/>
        <line num="99" count="1" type="stmt"/>
      </file>
      <file name="FlightBoardHeader.tsx" path="/home/runner/work/plane-tracker-monitor-ui/plane-tracker-monitor-ui/src/components/FlightBoardHeader.tsx">
        <metrics statements="6" coveredstatements="0" conditionals="16" coveredconditionals="0" methods="3" coveredmethods="0"/>
        <line num="13" count="0" type="stmt"/>
        <line num="18" count="0" type="stmt"/>
        <line num="19" count="0" type="stmt"/>
        <line num="20" count="0" type="cond" truecount="0" falsecount="2"/>
        <line num="23" count="0" type="stmt"/>
        <line num="89" count="0" type="stmt"/>
      </file>
      <file name="FlightMonitorBoard.tsx" path="/home/runner/work/plane-tracker-monitor-ui/plane-tracker-monitor-ui/src/components/FlightMonitorBoard.tsx">
        <metrics statements="33" coveredstatements="0" conditionals="12" coveredconditionals="0" methods="14" coveredmethods="0"/>
        <line num="25" count="0" type="stmt"/>
        <line num="30" count="0" type="stmt"/>
        <line num="31" count="0" type="stmt"/>
        <line num="32" count="0" type="stmt"/>
        <line num="34" count="0" type="stmt"/>
        <line num="37" count="0" type="stmt"/>
        <line num="38" count="0" type="stmt"/>
        <line num="39" count="0" type="stmt"/>
        <line num="42" count="0" type="stmt"/>
        <line num="43" count="0" type="cond" truecount="0" falsecount="2"/>
        <line num="44" count="0" type="stmt"/>
        <line num="49" count="0" type="cond" truecount="0" falsecount="2"/>
        <line num="50" count="0" type="stmt"/>
        <line num="51" count="0" type="stmt"/>
        <line num="52" count="0" type="cond" truecount="0" falsecount="2"/>
        <line num="53" count="0" type="stmt"/>
        <line num="62" count="0" type="stmt"/>
        <line num="63" count="0" type="stmt"/>
        <line num="69" count="0" type="stmt"/>
        <line num="70" count="0" type="cond" truecount="0" falsecount="2"/>
        <line num="72" count="0" type="stmt"/>
        <line num="73" count="0" type="stmt"/>
        <line num="74" count="0" type="stmt"/>
        <line num="78" count="0" type="stmt"/>
        <line num="81" count="0" type="stmt"/>
        <line num="82" count="0" type="stmt"/>
        <line num="83" count="0" type="stmt"/>
        <line num="86" count="0" type="stmt"/>
        <line num="87" count="0" type="cond" truecount="0" falsecount="2"/>
        <line num="89" count="0" type="stmt"/>
        <line num="101" count="0" type="stmt"/>
        <line num="112" count="0" type="stmt"/>
        <line num="124" count="0" type="stmt"/>
      </file>
      <file name="FlightRow.tsx" path="/home/runner/work/plane-tracker-monitor-ui/plane-tracker-monitor-ui/src/components/FlightRow.tsx">
        <metrics statements="16" coveredstatements="13" conditionals="26" coveredconditionals="22" methods="5" coveredmethods="4"/>
        <line num="16" count="1" type="stmt"/>
        <line num="24" count="16" type="stmt"/>
        <line num="25" count="15" type="stmt"/>
        <line num="26" count="15" type="stmt"/>
        <line num="33" count="16" type="stmt"/>
        <line num="34" count="0" type="stmt"/>
        <line num="35" count="0" type="cond" truecount="0" falsecount="2"/>
        <line num="38" count="16" type="stmt"/>
        <line num="39" count="448" type="stmt"/>
        <line num="40" count="112" type="cond" truecount="1" falsecount="1"/>
        <line num="43" count="16" type="stmt"/>
        <line num="52" count="16" type="stmt"/>
        <line num="125" count="16" type="cond" truecount="1" falsecount="1"/>
        <line num="126" count="0" type="stmt"/>
        <line num="133" count="16" type="stmt"/>
        <line num="136" count="1" type="stmt"/>
      </file>
      <file name="ThemeSelector.tsx" path="/home/runner/work/plane-tracker-monitor-ui/plane-tracker-monitor-ui/src/components/ThemeSelector.tsx">
        <metrics statements="12" coveredstatements="10" conditionals="6" coveredconditionals="6" methods="7" coveredmethods="5"/>
        <line num="12" count="1" type="stmt"/>
        <line num="18" count="30" type="stmt"/>
        <line num="20" count="30" type="stmt"/>
        <line num="21" count="5" type="stmt"/>
        <line num="22" count="5" type="stmt"/>
        <line num="25" count="30" type="stmt"/>
        <line num="37" count="10" type="stmt"/>
        <line num="49" count="0" type="stmt"/>
        <line num="54" count="0" type="stmt"/>
        <line num="59" count="122" type="stmt"/>
        <line num="68" count="5" type="stmt"/>
        <line num="91" count="1" type="stmt"/>
      </file>
    </package>
    <package name="config">
      <metrics statements="2" coveredstatements="2" conditionals="0" coveredconditionals="0" methods="0" coveredmethods="0"/>
      <file name="appConfig.ts" path="/home/runner/work/plane-tracker-monitor-ui/plane-tracker-monitor-ui/src/config/appConfig.ts">
        <metrics statements="2" coveredstatements="2" conditionals="0" coveredconditionals="0" methods="0" coveredmethods="0"/>
        <line num="10" count="1" type="stmt"/>
        <line num="27" count="1" type="stmt"/>
      </file>
    </package>
    <package name="services">
      <metrics statements="80" coveredstatements="80" conditionals="52" coveredconditionals="50" methods="14" coveredmethods="14"/>
      <file name="ColumnPreferencesService.ts" path="/home/runner/work/plane-tracker-monitor-ui/plane-tracker-monitor-ui/src/services/ColumnPreferencesService.ts">
        <metrics statements="28" coveredstatements="28" conditionals="15" coveredconditionals="15" methods="9" coveredmethods="9"/>
        <line num="4" count="1" type="stmt"/>
        <line num="5" count="1" type="stmt"/>
        <line num="7" count="1" type="stmt"/>
        <line num="13" count="8" type="stmt"/>
        <line num="14" count="8" type="stmt"/>
        <line num="15" count="7" type="cond" truecount="2" falsecount="0"/>
        <line num="16" count="1" type="stmt"/>
        <line num="19" count="6" type="stmt"/>
        <line num="22" count="5" type="cond" truecount="2" falsecount="0"/>
        <line num="23" count="1" type="stmt"/>
        <line num="24" count="1" type="stmt"/>
        <line num="28" count="4" type="stmt"/>
        <line num="29" count="12" type="cond" truecount="5" falsecount="0"/>
        <line num="36" count="4" type="cond" truecount="2" falsecount="0"/>
        <line num="37" count="2" type="stmt"/>
        <line num="38" count="2" type="stmt"/>
        <line num="42" count="2" type="stmt"/>
        <line num="43" count="46" type="stmt"/>
        <line num="44" count="14" type="cond" truecount="2" falsecount="0"/>
        <line num="47" count="2" type="stmt"/>
        <line num="48" count="2" type="stmt"/>
        <line num="56" count="2" type="stmt"/>
        <line num="57" count="2" type="stmt"/>
        <line num="58" count="2" type="stmt"/>
        <line num="60" count="1" type="stmt"/>
        <line num="68" count="5" type="stmt"/>
        <line num="69" count="10" type="cond" truecount="2" falsecount="0"/>
        <line num="77" count="6" type="stmt"/>
      </file>
      <file name="FlightDataService.ts" path="/home/runner/work/plane-tracker-monitor-ui/plane-tracker-monitor-ui/src/services/FlightDataService.ts">
        <metrics statements="32" coveredstatements="32" conditionals="27" coveredconditionals="25" methods="3" coveredmethods="3"/>
        <line num="5" count="22" type="stmt"/>
        <line num="18" count="22" type="stmt"/>
        <line num="23" count="22" type="stmt"/>
        <line num="34" count="15" type="stmt"/>
        <line num="35" count="15" type="stmt"/>
        <line num="37" count="15" type="stmt"/>
        <line num="38" count="226" type="stmt"/>
        <line num="39" count="226" type="stmt"/>
        <line num="40" count="226" type="stmt"/>
        <line num="41" count="226" type="stmt"/>
        <line num="43" count="226" type="stmt"/>
        <line num="44" count="226" type="cond" truecount="2" falsecount="0"/>
        <line num="46" count="226" type="stmt"/>
        <line num="48" count="226" type="stmt"/>
        <line num="65" count="15" type="stmt"/>
        <line num="66" count="211" type="stmt"/>
        <line num="72" count="9" type="stmt"/>
        <line num="73" count="9" type="stmt"/>
        <line num="76" count="9" type="stmt"/>
        <line num="78" count="9" type="cond" truecount="2" falsecount="0"/>
        <line num="79" count="8" type="cond" truecount="2" falsecount="0"/>
        <line num="80" count="1" type="cond" truecount="1" falsecount="1"/>
        <line num="81" count="7" type="cond" truecount="2" falsecount="0"/>
        <line num="82" count="2" type="stmt"/>
        <line num="83" count="5" type="cond" truecount="2" falsecount="0"/>
        <line num="84" count="1" type="stmt"/>
        <line num="85" count="4" type="cond" truecount="2" falsecount="0"/>
        <line num="86" count="2" type="cond" truecount="1" falsecount="1"/>
        <line num="87" count="2" type="cond" truecount="2" falsecount="0"/>
        <line num="88" count="1" type="stmt"/>
        <line num="92" count="9" type="stmt"/>
        <line num="101" count="1" type="stmt"/>
      </file>
      <file name="ThemePreferencesService.ts" path="/home/runner/work/plane-tracker-monitor-ui/plane-tracker-monitor-ui/src/services/ThemePreferencesService.ts">
        <metrics statements="20" coveredstatements="20" conditionals="10" coveredconditionals="10" methods="2" coveredmethods="2"/>
        <line num="3" count="1" type="stmt"/>
        <line num="4" count="1" type="stmt"/>
        <line num="5" count="1" type="stmt"/>
        <line num="7" count="1" type="stmt"/>
        <line num="13" count="17" type="stmt"/>
        <line num="14" count="17" type="stmt"/>
        <line num="15" count="16" type="cond" truecount="2" falsecount="0"/>
        <line num="16" count="4" type="stmt"/>
        <line num="20" count="12" type="cond" truecount="4" falsecount="0"/>
        <line num="21" count="1" type="stmt"/>
        <line num="22" count="1" type="stmt"/>
        <line num="25" count="11" type="stmt"/>
        <line num="27" count="1" type="stmt"/>
        <line num="28" count="1" type="stmt"/>
        <line num="36" count="17" type="stmt"/>
        <line num="37" count="17" type="cond" truecount="4" falsecount="0"/>
        <line num="38" count="4" type="stmt"/>
        <line num="39" count="4" type="stmt"/>
        <line num="41" count="13" type="stmt"/>
        <line num="43" count="4" type="stmt"/>
      </file>
    </package>
    <package name="theme">
      <metrics statements="8" coveredstatements="0" conditionals="0" coveredconditionals="0" methods="0" coveredmethods="0"/>
      <file name="themes.ts" path="/home/runner/work/plane-tracker-monitor-ui/plane-tracker-monitor-ui/src/theme/themes.ts">
        <metrics statements="8" coveredstatements="0" conditionals="0" coveredconditionals="0" methods="0" coveredmethods="0"/>
        <line num="24" count="0" type="stmt"/>
        <line num="47" count="0" type="stmt"/>
        <line num="70" count="0" type="stmt"/>
        <line num="93" count="0" type="stmt"/>
        <line num="116" count="0" type="stmt"/>
        <line num="139" count="0" type="stmt"/>
        <line num="162" count="0" type="stmt"/>
        <line num="185" count="0" type="stmt"/>
      </file>
    </package>
    <package name="types">
      <metrics statements="1" coveredstatements="1" conditionals="0" coveredconditionals="0" methods="0" coveredmethods="0"/>
      <file name="ColumnConfig.ts" path="/home/runner/work/plane-tracker-monitor-ui/plane-tracker-monitor-ui/src/types/ColumnConfig.ts">
        <metrics statements="1" coveredstatements="1" conditionals="0" coveredconditionals="0" methods="0" coveredmethods="0"/>
        <line num="16" count="1" type="stmt"/>
      </file>
      <file name="Flight.ts" path="/home/runner/work/plane-tracker-monitor-ui/plane-tracker-monitor-ui/src/types/Flight.ts">
        <metrics statements="0" coveredstatements="0" conditionals="0" coveredconditionals="0" methods="0" coveredmethods="0"/>
      </file>
    </package>
  </project>
</coverage>
