{"/home/runner/work/plane-tracker-monitor-ui/plane-tracker-monitor-ui/src/components/ColumnSelector.tsx": {"path":"/home/runner/work/plane-tracker-monitor-ui/plane-tracker-monitor-ui/src/components/ColumnSelector.tsx","statementMap":{"0":{"start":{"line":19,"column":61},"end":{"line":97,"column":1}},"1":{"start":{"line":24,"column":42},"end":{"line":24,"column":57}},"2":{"start":{"line":26,"column":23},"end":{"line":31,"column":3}},"3":{"start":{"line":27,"column":27},"end":{"line":29,"column":5}},"4":{"start":{"line":28,"column":6},"end":{"line":28,"column":67}},"5":{"start":{"line":30,"column":4},"end":{"line":30,"column":36}},"6":{"start":{"line":33,"column":2},"end":{"line":96,"column":4}},"7":{"start":{"line":37,"column":23},"end":{"line":37,"column":44}},"8":{"start":{"line":48,"column":30},"end":{"line":48,"column":52}},"9":{"start":{"line":56,"column":47},"end":{"line":56,"column":69}},"10":{"start":{"line":65,"column":16},"end":{"line":80,"column":35}},"11":{"start":{"line":68,"column":33},"end":{"line":68,"column":56}},"12":{"start":{"line":86,"column":29},"end":{"line":86,"column":51}},"13":{"start":{"line":99,"column":15},"end":{"line":171,"column":2}}},"fnMap":{"0":{"name":"(anonymous_0)","decl":{"start":{"line":19,"column":61},"end":{"line":19,"column":62}},"loc":{"start":{"line":23,"column":6},"end":{"line":97,"column":1}},"line":23},"1":{"name":"(anonymous_1)","decl":{"start":{"line":26,"column":23},"end":{"line":26,"column":24}},"loc":{"start":{"line":26,"column":45},"end":{"line":31,"column":3}},"line":26},"2":{"name":"(anonymous_2)","decl":{"start":{"line":27,"column":39},"end":{"line":27,"column":40}},"loc":{"start":{"line":28,"column":6},"end":{"line":28,"column":67}},"line":28},"3":{"name":"(anonymous_3)","decl":{"start":{"line":37,"column":17},"end":{"line":37,"column":18}},"loc":{"start":{"line":37,"column":23},"end":{"line":37,"column":44}},"line":37},"4":{"name":"(anonymous_4)","decl":{"start":{"line":48,"column":24},"end":{"line":48,"column":25}},"loc":{"start":{"line":48,"column":30},"end":{"line":48,"column":52}},"line":48},"5":{"name":"(anonymous_5)","decl":{"start":{"line":56,"column":41},"end":{"line":56,"column":42}},"loc":{"start":{"line":56,"column":47},"end":{"line":56,"column":69}},"line":56},"6":{"name":"(anonymous_6)","decl":{"start":{"line":64,"column":27},"end":{"line":64,"column":28}},"loc":{"start":{"line":65,"column":16},"end":{"line":80,"column":35}},"line":65},"7":{"name":"(anonymous_7)","decl":{"start":{"line":68,"column":27},"end":{"line":68,"column":28}},"loc":{"start":{"line":68,"column":33},"end":{"line":68,"column":56}},"line":68},"8":{"name":"(anonymous_8)","decl":{"start":{"line":86,"column":23},"end":{"line":86,"column":24}},"loc":{"start":{"line":86,"column":29},"end":{"line":86,"column":51}},"line":86}},"branchMap":{"0":{"loc":{"start":{"line":28,"column":6},"end":{"line":28,"column":67}},"type":"cond-expr","locations":[{"start":{"line":28,"column":28},"end":{"line":28,"column":61}},{"start":{"line":28,"column":64},"end":{"line":28,"column":67}}],"line":28},"1":{"loc":{"start":{"line":71,"column":21},"end":{"line":75,"column":21}},"type":"binary-expr","locations":[{"start":{"line":71,"column":21},"end":{"line":71,"column":35}},{"start":{"line":72,"column":22},"end":{"line":74,"column":29}}],"line":71}},"s":{"0":1,"1":27,"2":27,"3":6,"4":30,"5":6,"6":27,"7":11,"8":0,"9":1,"10":130,"11":6,"12":1,"13":1},"f":{"0":27,"1":6,"2":30,"3":11,"4":0,"5":1,"6":130,"7":6,"8":1},"b":{"0":[6,24],"1":[130,98]},"_coverageSchema":"1a1c01bbd47fc00a2c39e90264f33305004495a9","hash":"9fbd42ee52e6b22441832a493160fa4f3147011e"}
,"/home/runner/work/plane-tracker-monitor-ui/plane-tracker-monitor-ui/src/components/FlightBoardHeader.tsx": {"path":"/home/runner/work/plane-tracker-monitor-ui/plane-tracker-monitor-ui/src/components/FlightBoardHeader.tsx","statementMap":{"0":{"start":{"line":13,"column":67},"end":{"line":87,"column":1}},"1":{"start":{"line":18,"column":26},"end":{"line":21,"column":3}},"2":{"start":{"line":19,"column":19},"end":{"line":19,"column":59}},"3":{"start":{"line":19,"column":39},"end":{"line":19,"column":58}},"4":{"start":{"line":20,"column":4},"end":{"line":20,"column":36}},"5":{"start":{"line":23,"column":2},"end":{"line":86,"column":4}},"6":{"start":{"line":89,"column":15},"end":{"line":163,"column":2}}},"fnMap":{"0":{"name":"(anonymous_0)","decl":{"start":{"line":13,"column":67},"end":{"line":13,"column":68}},"loc":{"start":{"line":17,"column":6},"end":{"line":87,"column":1}},"line":17},"1":{"name":"(anonymous_1)","decl":{"start":{"line":18,"column":26},"end":{"line":18,"column":27}},"loc":{"start":{"line":18,"column":48},"end":{"line":21,"column":3}},"line":18},"2":{"name":"(anonymous_2)","decl":{"start":{"line":19,"column":32},"end":{"line":19,"column":33}},"loc":{"start":{"line":19,"column":39},"end":{"line":19,"column":58}},"line":19}},"branchMap":{"0":{"loc":{"start":{"line":20,"column":11},"end":{"line":20,"column":35}},"type":"binary-expr","locations":[{"start":{"line":20,"column":11},"end":{"line":20,"column":26}},{"start":{"line":20,"column":30},"end":{"line":20,"column":35}}],"line":20},"1":{"loc":{"start":{"line":49,"column":9},"end":{"line":53,"column":9}},"type":"binary-expr","locations":[{"start":{"line":49,"column":9},"end":{"line":49,"column":32}},{"start":{"line":50,"column":10},"end":{"line":52,"column":17}}],"line":49},"2":{"loc":{"start":{"line":54,"column":9},"end":{"line":58,"column":9}},"type":"binary-expr","locations":[{"start":{"line":54,"column":9},"end":{"line":54,"column":35}},{"start":{"line":55,"column":10},"end":{"line":57,"column":17}}],"line":54},"3":{"loc":{"start":{"line":59,"column":9},"end":{"line":63,"column":9}},"type":"binary-expr","locations":[{"start":{"line":59,"column":9},"end":{"line":59,"column":34}},{"start":{"line":60,"column":10},"end":{"line":62,"column":17}}],"line":59},"4":{"loc":{"start":{"line":64,"column":9},"end":{"line":68,"column":9}},"type":"binary-expr","locations":[{"start":{"line":64,"column":9},"end":{"line":64,"column":32}},{"start":{"line":65,"column":10},"end":{"line":67,"column":17}}],"line":64},"5":{"loc":{"start":{"line":69,"column":9},"end":{"line":73,"column":9}},"type":"binary-expr","locations":[{"start":{"line":69,"column":9},"end":{"line":69,"column":30}},{"start":{"line":70,"column":10},"end":{"line":72,"column":17}}],"line":69},"6":{"loc":{"start":{"line":74,"column":9},"end":{"line":78,"column":9}},"type":"binary-expr","locations":[{"start":{"line":74,"column":9},"end":{"line":74,"column":36}},{"start":{"line":75,"column":10},"end":{"line":77,"column":17}}],"line":74},"7":{"loc":{"start":{"line":79,"column":9},"end":{"line":83,"column":9}},"type":"binary-expr","locations":[{"start":{"line":79,"column":9},"end":{"line":79,"column":40}},{"start":{"line":80,"column":10},"end":{"line":82,"column":17}}],"line":79}},"s":{"0":0,"1":0,"2":0,"3":0,"4":0,"5":0,"6":0},"f":{"0":0,"1":0,"2":0},"b":{"0":[0,0],"1":[0,0],"2":[0,0],"3":[0,0],"4":[0,0],"5":[0,0],"6":[0,0],"7":[0,0]}}
,"/home/runner/work/plane-tracker-monitor-ui/plane-tracker-monitor-ui/src/components/FlightMonitorBoard.tsx": {"path":"/home/runner/work/plane-tracker-monitor-ui/plane-tracker-monitor-ui/src/components/FlightMonitorBoard.tsx","statementMap":{"0":{"start":{"line":25,"column":69},"end":{"line":122,"column":1}},"1":{"start":{"line":30,"column":32},"end":{"line":30,"column":54}},"2":{"start":{"line":31,"column":32},"end":{"line":33,"column":3}},"3":{"start":{"line":32,"column":4},"end":{"line":32,"column":42}},"4":{"start":{"line":34,"column":20},"end":{"line":34,"column":66}},"5":{"start":{"line":37,"column":2},"end":{"line":66,"column":26}},"6":{"start":{"line":38,"column":27},"end":{"line":38,"column":68}},"7":{"start":{"line":39,"column":4},"end":{"line":39,"column":31}},"8":{"start":{"line":42,"column":4},"end":{"line":46,"column":7}},"9":{"start":{"line":43,"column":6},"end":{"line":45,"column":7}},"10":{"start":{"line":44,"column":8},"end":{"line":44,"column":64}},"11":{"start":{"line":49,"column":4},"end":{"line":65,"column":5}},"12":{"start":{"line":50,"column":6},"end":{"line":60,"column":9}},"13":{"start":{"line":51,"column":25},"end":{"line":51,"column":57}},"14":{"start":{"line":52,"column":8},"end":{"line":59,"column":9}},"15":{"start":{"line":53,"column":10},"end":{"line":58,"column":21}},"16":{"start":{"line":62,"column":6},"end":{"line":64,"column":9}},"17":{"start":{"line":63,"column":8},"end":{"line":63,"column":54}},"18":{"start":{"line":69,"column":2},"end":{"line":79,"column":23}},"19":{"start":{"line":70,"column":4},"end":{"line":70,"column":43}},"20":{"start":{"line":70,"column":36},"end":{"line":70,"column":43}},"21":{"start":{"line":72,"column":21},"end":{"line":76,"column":22}},"22":{"start":{"line":73,"column":6},"end":{"line":75,"column":8}},"23":{"start":{"line":74,"column":8},"end":{"line":74,"column":73}},"24":{"start":{"line":74,"column":34},"end":{"line":74,"column":72}},"25":{"start":{"line":78,"column":4},"end":{"line":78,"column":41}},"26":{"start":{"line":78,"column":17},"end":{"line":78,"column":40}},"27":{"start":{"line":81,"column":30},"end":{"line":84,"column":3}},"28":{"start":{"line":82,"column":4},"end":{"line":82,"column":27}},"29":{"start":{"line":83,"column":4},"end":{"line":83,"column":53}},"30":{"start":{"line":86,"column":26},"end":{"line":99,"column":3}},"31":{"start":{"line":87,"column":21},"end":{"line":87,"column":83}},"32":{"start":{"line":89,"column":4},"end":{"line":98,"column":6}},"33":{"start":{"line":101,"column":2},"end":{"line":121,"column":4}},"34":{"start":{"line":112,"column":30},"end":{"line":112,"column":37}},"35":{"start":{"line":124,"column":15},"end":{"line":131,"column":2}}},"fnMap":{"0":{"name":"(anonymous_0)","decl":{"start":{"line":25,"column":69},"end":{"line":25,"column":70}},"loc":{"start":{"line":29,"column":6},"end":{"line":122,"column":1}},"line":29},"1":{"name":"(anonymous_1)","decl":{"start":{"line":31,"column":57},"end":{"line":31,"column":58}},"loc":{"start":{"line":32,"column":4},"end":{"line":32,"column":42}},"line":32},"2":{"name":"(anonymous_2)","decl":{"start":{"line":37,"column":12},"end":{"line":37,"column":13}},"loc":{"start":{"line":37,"column":18},"end":{"line":66,"column":3}},"line":37},"3":{"name":"(anonymous_3)","decl":{"start":{"line":42,"column":27},"end":{"line":42,"column":28}},"loc":{"start":{"line":42,"column":37},"end":{"line":46,"column":5}},"line":42},"4":{"name":"(anonymous_4)","decl":{"start":{"line":50,"column":29},"end":{"line":50,"column":30}},"loc":{"start":{"line":50,"column":48},"end":{"line":60,"column":7}},"line":50},"5":{"name":"(anonymous_5)","decl":{"start":{"line":62,"column":29},"end":{"line":62,"column":30}},"loc":{"start":{"line":62,"column":39},"end":{"line":64,"column":7}},"line":62},"6":{"name":"(anonymous_6)","decl":{"start":{"line":69,"column":12},"end":{"line":69,"column":13}},"loc":{"start":{"line":69,"column":18},"end":{"line":79,"column":3}},"line":69},"7":{"name":"(anonymous_7)","decl":{"start":{"line":72,"column":33},"end":{"line":72,"column":34}},"loc":{"start":{"line":72,"column":39},"end":{"line":76,"column":5}},"line":72},"8":{"name":"(anonymous_8)","decl":{"start":{"line":73,"column":17},"end":{"line":73,"column":18}},"loc":{"start":{"line":74,"column":8},"end":{"line":74,"column":73}},"line":74},"9":{"name":"(anonymous_9)","decl":{"start":{"line":74,"column":24},"end":{"line":74,"column":25}},"loc":{"start":{"line":74,"column":34},"end":{"line":74,"column":72}},"line":74},"10":{"name":"(anonymous_10)","decl":{"start":{"line":78,"column":11},"end":{"line":78,"column":12}},"loc":{"start":{"line":78,"column":17},"end":{"line":78,"column":40}},"line":78},"11":{"name":"(anonymous_11)","decl":{"start":{"line":81,"column":30},"end":{"line":81,"column":31}},"loc":{"start":{"line":81,"column":62},"end":{"line":84,"column":3}},"line":81},"12":{"name":"(anonymous_12)","decl":{"start":{"line":86,"column":26},"end":{"line":86,"column":27}},"loc":{"start":{"line":86,"column":80},"end":{"line":99,"column":3}},"line":86},"13":{"name":"(anonymous_13)","decl":{"start":{"line":112,"column":22},"end":{"line":112,"column":23}},"loc":{"start":{"line":112,"column":30},"end":{"line":112,"column":37}},"line":112}},"branchMap":{"0":{"loc":{"start":{"line":27,"column":2},"end":{"line":27,"column":47}},"type":"default-arg","locations":[{"start":{"line":27,"column":19},"end":{"line":27,"column":47}}],"line":27},"1":{"loc":{"start":{"line":28,"column":2},"end":{"line":28,"column":53}},"type":"default-arg","locations":[{"start":{"line":28,"column":22},"end":{"line":28,"column":53}}],"line":28},"2":{"loc":{"start":{"line":43,"column":6},"end":{"line":45,"column":7}},"type":"if","locations":[{"start":{"line":43,"column":6},"end":{"line":45,"column":7}},{"start":{},"end":{}}],"line":43},"3":{"loc":{"start":{"line":49,"column":4},"end":{"line":65,"column":5}},"type":"if","locations":[{"start":{"line":49,"column":4},"end":{"line":65,"column":5}},{"start":{"line":61,"column":11},"end":{"line":65,"column":5}}],"line":49},"4":{"loc":{"start":{"line":52,"column":8},"end":{"line":59,"column":9}},"type":"if","locations":[{"start":{"line":52,"column":8},"end":{"line":59,"column":9}},{"start":{},"end":{}}],"line":52},"5":{"loc":{"start":{"line":70,"column":4},"end":{"line":70,"column":43}},"type":"if","locations":[{"start":{"line":70,"column":4},"end":{"line":70,"column":43}},{"start":{},"end":{}}],"line":70},"6":{"loc":{"start":{"line":87,"column":21},"end":{"line":87,"column":83}},"type":"cond-expr","locations":[{"start":{"line":87,"column":41},"end":{"line":87,"column":71}},{"start":{"line":87,"column":74},"end":{"line":87,"column":83}}],"line":87}},"s":{"0":0,"1":0,"2":0,"3":0,"4":0,"5":0,"6":0,"7":0,"8":0,"9":0,"10":0,"11":0,"12":0,"13":0,"14":0,"15":0,"16":0,"17":0,"18":0,"19":0,"20":0,"21":0,"22":0,"23":0,"24":0,"25":0,"26":0,"27":0,"28":0,"29":0,"30":0,"31":0,"32":0,"33":0,"34":0,"35":0},"f":{"0":0,"1":0,"2":0,"3":0,"4":0,"5":0,"6":0,"7":0,"8":0,"9":0,"10":0,"11":0,"12":0,"13":0},"b":{"0":[0],"1":[0],"2":[0,0],"3":[0,0],"4":[0,0],"5":[0,0],"6":[0,0]}}
,"/home/runner/work/plane-tracker-monitor-ui/plane-tracker-monitor-ui/src/components/FlightRow.tsx": {"path":"/home/runner/work/plane-tracker-monitor-ui/plane-tracker-monitor-ui/src/components/FlightRow.tsx","statementMap":{"0":{"start":{"line":16,"column":51},"end":{"line":134,"column":1}},"1":{"start":{"line":24,"column":21},"end":{"line":31,"column":3}},"2":{"start":{"line":25,"column":17},"end":{"line":25,"column":36}},"3":{"start":{"line":26,"column":4},"end":{"line":30,"column":7}},"4":{"start":{"line":33,"column":25},"end":{"line":36,"column":3}},"5":{"start":{"line":34,"column":22},"end":{"line":34,"column":94}},"6":{"start":{"line":35,"column":4},"end":{"line":35,"column":73}},"7":{"start":{"line":38,"column":26},"end":{"line":41,"column":3}},"8":{"start":{"line":39,"column":19},"end":{"line":39,"column":59}},"9":{"start":{"line":39,"column":39},"end":{"line":39,"column":58}},"10":{"start":{"line":40,"column":4},"end":{"line":40,"column":36}},"11":{"start":{"line":43,"column":19},"end":{"line":49,"column":3}},"12":{"start":{"line":52,"column":4},"end":{"line":121,"column":11}},"13":{"start":{"line":125,"column":2},"end":{"line":131,"column":3}},"14":{"start":{"line":126,"column":4},"end":{"line":130,"column":6}},"15":{"start":{"line":133,"column":2},"end":{"line":133,"column":17}},"16":{"start":{"line":136,"column":15},"end":{"line":204,"column":2}}},"fnMap":{"0":{"name":"(anonymous_0)","decl":{"start":{"line":16,"column":51},"end":{"line":16,"column":52}},"loc":{"start":{"line":23,"column":6},"end":{"line":134,"column":1}},"line":23},"1":{"name":"(anonymous_1)","decl":{"start":{"line":24,"column":21},"end":{"line":24,"column":22}},"loc":{"start":{"line":24,"column":44},"end":{"line":31,"column":3}},"line":24},"2":{"name":"(anonymous_2)","decl":{"start":{"line":33,"column":25},"end":{"line":33,"column":26}},"loc":{"start":{"line":33,"column":59},"end":{"line":36,"column":3}},"line":33},"3":{"name":"(anonymous_3)","decl":{"start":{"line":38,"column":26},"end":{"line":38,"column":27}},"loc":{"start":{"line":38,"column":48},"end":{"line":41,"column":3}},"line":38},"4":{"name":"(anonymous_4)","decl":{"start":{"line":39,"column":32},"end":{"line":39,"column":33}},"loc":{"start":{"line":39,"column":39},"end":{"line":39,"column":58}},"line":39}},"branchMap":{"0":{"loc":{"start":{"line":35,"column":11},"end":{"line":35,"column":72}},"type":"binary-expr","locations":[{"start":{"line":35,"column":11},"end":{"line":35,"column":40}},{"start":{"line":35,"column":44},"end":{"line":35,"column":72}}],"line":35},"1":{"loc":{"start":{"line":40,"column":11},"end":{"line":40,"column":35}},"type":"binary-expr","locations":[{"start":{"line":40,"column":11},"end":{"line":40,"column":26}},{"start":{"line":40,"column":30},"end":{"line":40,"column":35}}],"line":40},"2":{"loc":{"start":{"line":46,"column":23},"end":{"line":46,"column":60}},"type":"cond-expr","locations":[{"start":{"line":46,"column":32},"end":{"line":46,"column":45}},{"start":{"line":46,"column":48},"end":{"line":46,"column":60}}],"line":46},"3":{"loc":{"start":{"line":54,"column":7},"end":{"line":60,"column":7}},"type":"binary-expr","locations":[{"start":{"line":54,"column":7},"end":{"line":54,"column":30}},{"start":{"line":55,"column":8},"end":{"line":59,"column":15}}],"line":54},"4":{"loc":{"start":{"line":63,"column":7},"end":{"line":71,"column":7}},"type":"binary-expr","locations":[{"start":{"line":63,"column":7},"end":{"line":63,"column":33}},{"start":{"line":64,"column":8},"end":{"line":70,"column":15}}],"line":63},"5":{"loc":{"start":{"line":74,"column":7},"end":{"line":80,"column":7}},"type":"binary-expr","locations":[{"start":{"line":74,"column":7},"end":{"line":74,"column":32}},{"start":{"line":75,"column":8},"end":{"line":79,"column":15}}],"line":74},"6":{"loc":{"start":{"line":83,"column":7},"end":{"line":89,"column":7}},"type":"binary-expr","locations":[{"start":{"line":83,"column":7},"end":{"line":83,"column":30}},{"start":{"line":84,"column":8},"end":{"line":88,"column":15}}],"line":83},"7":{"loc":{"start":{"line":92,"column":7},"end":{"line":98,"column":7}},"type":"binary-expr","locations":[{"start":{"line":92,"column":7},"end":{"line":92,"column":28}},{"start":{"line":93,"column":8},"end":{"line":97,"column":15}}],"line":92},"8":{"loc":{"start":{"line":101,"column":7},"end":{"line":109,"column":7}},"type":"binary-expr","locations":[{"start":{"line":101,"column":7},"end":{"line":101,"column":34}},{"start":{"line":102,"column":8},"end":{"line":108,"column":15}}],"line":101},"9":{"loc":{"start":{"line":103,"column":11},"end":{"line":107,"column":11}},"type":"binary-expr","locations":[{"start":{"line":103,"column":11},"end":{"line":103,"column":26}},{"start":{"line":104,"column":12},"end":{"line":106,"column":19}}],"line":103},"10":{"loc":{"start":{"line":112,"column":7},"end":{"line":120,"column":7}},"type":"binary-expr","locations":[{"start":{"line":112,"column":7},"end":{"line":112,"column":38}},{"start":{"line":113,"column":8},"end":{"line":119,"column":15}}],"line":112},"11":{"loc":{"start":{"line":114,"column":11},"end":{"line":118,"column":11}},"type":"binary-expr","locations":[{"start":{"line":114,"column":11},"end":{"line":114,"column":26}},{"start":{"line":115,"column":12},"end":{"line":117,"column":19}}],"line":114},"12":{"loc":{"start":{"line":125,"column":2},"end":{"line":131,"column":3}},"type":"if","locations":[{"start":{"line":125,"column":2},"end":{"line":131,"column":3}},{"start":{},"end":{}}],"line":125}},"s":{"0":1,"1":16,"2":15,"3":15,"4":16,"5":0,"6":0,"7":16,"8":112,"9":448,"10":112,"11":16,"12":16,"13":16,"14":0,"15":16,"16":1},"f":{"0":16,"1":15,"2":0,"3":112,"4":448},"b":{"0":[0,0],"1":[112,0],"2":[15,1],"3":[16,15],"4":[16,14],"5":[16,15],"6":[16,14],"7":[16,15],"8":[16,14],"9":[14,3],"10":[16,15],"11":[15,14],"12":[0,16]},"_coverageSchema":"1a1c01bbd47fc00a2c39e90264f33305004495a9","hash":"5e7e89117f55ec88792a9556b4d9e576353b6822"}
,"/home/runner/work/plane-tracker-monitor-ui/plane-tracker-monitor-ui/src/components/ThemeSelector.tsx": {"path":"/home/runner/work/plane-tracker-monitor-ui/plane-tracker-monitor-ui/src/components/ThemeSelector.tsx","statementMap":{"0":{"start":{"line":12,"column":59},"end":{"line":89,"column":1}},"1":{"start":{"line":18,"column":30},"end":{"line":18,"column":45}},"2":{"start":{"line":20,"column":28},"end":{"line":23,"column":3}},"3":{"start":{"line":21,"column":4},"end":{"line":21,"column":29}},"4":{"start":{"line":22,"column":4},"end":{"line":22,"column":21}},"5":{"start":{"line":25,"column":2},"end":{"line":88,"column":4}},"6":{"start":{"line":37,"column":23},"end":{"line":37,"column":38}},"7":{"start":{"line":49,"column":30},"end":{"line":49,"column":46}},"8":{"start":{"line":54,"column":25},"end":{"line":54,"column":41}},"9":{"start":{"line":59,"column":16},"end":{"line":81,"column":35}},"10":{"start":{"line":68,"column":33},"end":{"line":68,"column":56}},"11":{"start":{"line":91,"column":15},"end":{"line":153,"column":2}}},"fnMap":{"0":{"name":"(anonymous_0)","decl":{"start":{"line":12,"column":59},"end":{"line":12,"column":60}},"loc":{"start":{"line":17,"column":6},"end":{"line":89,"column":1}},"line":17},"1":{"name":"(anonymous_1)","decl":{"start":{"line":20,"column":28},"end":{"line":20,"column":29}},"loc":{"start":{"line":20,"column":51},"end":{"line":23,"column":3}},"line":20},"2":{"name":"(anonymous_2)","decl":{"start":{"line":37,"column":17},"end":{"line":37,"column":18}},"loc":{"start":{"line":37,"column":23},"end":{"line":37,"column":38}},"line":37},"3":{"name":"(anonymous_3)","decl":{"start":{"line":49,"column":24},"end":{"line":49,"column":25}},"loc":{"start":{"line":49,"column":30},"end":{"line":49,"column":46}},"line":49},"4":{"name":"(anonymous_4)","decl":{"start":{"line":54,"column":19},"end":{"line":54,"column":20}},"loc":{"start":{"line":54,"column":25},"end":{"line":54,"column":41}},"line":54},"5":{"name":"(anonymous_5)","decl":{"start":{"line":58,"column":26},"end":{"line":58,"column":27}},"loc":{"start":{"line":59,"column":16},"end":{"line":81,"column":35}},"line":59},"6":{"name":"(anonymous_6)","decl":{"start":{"line":68,"column":27},"end":{"line":68,"column":28}},"loc":{"start":{"line":68,"column":33},"end":{"line":68,"column":56}},"line":68}},"branchMap":{"0":{"loc":{"start":{"line":64,"column":39},"end":{"line":64,"column":92}},"type":"cond-expr","locations":[{"start":{"line":64,"column":63},"end":{"line":64,"column":76}},{"start":{"line":64,"column":79},"end":{"line":64,"column":92}}],"line":64},"1":{"loc":{"start":{"line":73,"column":31},"end":{"line":73,"column":87}},"type":"cond-expr","locations":[{"start":{"line":73,"column":55},"end":{"line":73,"column":65}},{"start":{"line":73,"column":68},"end":{"line":73,"column":87}}],"line":73},"2":{"loc":{"start":{"line":78,"column":19},"end":{"line":80,"column":19}},"type":"binary-expr","locations":[{"start":{"line":78,"column":19},"end":{"line":78,"column":40}},{"start":{"line":79,"column":20},"end":{"line":79,"column":84}}],"line":78}},"s":{"0":1,"1":30,"2":30,"3":5,"4":5,"5":30,"6":10,"7":0,"8":0,"9":122,"10":5,"11":1},"f":{"0":30,"1":5,"2":10,"3":0,"4":0,"5":122,"6":5},"b":{"0":[29,93],"1":[29,93],"2":[122,29]},"_coverageSchema":"1a1c01bbd47fc00a2c39e90264f33305004495a9","hash":"be0cb25939da832545be450bb716b5f9eaf6163d"}
,"/home/runner/work/plane-tracker-monitor-ui/plane-tracker-monitor-ui/src/config/appConfig.ts": {"path":"/home/runner/work/plane-tracker-monitor-ui/plane-tracker-monitor-ui/src/config/appConfig.ts","statementMap":{"0":{"start":{"line":10,"column":40},"end":{"line":17,"column":1}},"1":{"start":{"line":27,"column":50},"end":{"line":31,"column":1}}},"fnMap":{},"branchMap":{},"s":{"0":1,"1":1},"f":{},"b":{},"_coverageSchema":"1a1c01bbd47fc00a2c39e90264f33305004495a9","hash":"d9e1ac2d0addd3e61041098d0823afef9c674787"}
,"/home/runner/work/plane-tracker-monitor-ui/plane-tracker-monitor-ui/src/services/ColumnPreferencesService.ts": {"path":"/home/runner/work/plane-tracker-monitor-ui/plane-tracker-monitor-ui/src/services/ColumnPreferencesService.ts","statementMap":{"0":{"start":{"line":4,"column":20},"end":{"line":4,"column":44}},"1":{"start":{"line":5,"column":27},"end":{"line":5,"column":30}},"2":{"start":{"line":7,"column":40},"end":{"line":79,"column":1}},"3":{"start":{"line":13,"column":4},"end":{"line":49,"column":5}},"4":{"start":{"line":14,"column":26},"end":{"line":14,"column":50}},"5":{"start":{"line":15,"column":6},"end":{"line":17,"column":7}},"6":{"start":{"line":16,"column":8},"end":{"line":16,"column":31}},"7":{"start":{"line":19,"column":27},"end":{"line":19,"column":50}},"8":{"start":{"line":22,"column":6},"end":{"line":25,"column":7}},"9":{"start":{"line":23,"column":8},"end":{"line":23,"column":68}},"10":{"start":{"line":24,"column":8},"end":{"line":24,"column":31}},"11":{"start":{"line":28,"column":22},"end":{"line":34,"column":7}},"12":{"start":{"line":29,"column":8},"end":{"line":33,"column":40}},"13":{"start":{"line":36,"column":6},"end":{"line":39,"column":7}},"14":{"start":{"line":37,"column":8},"end":{"line":37,"column":83}},"15":{"start":{"line":38,"column":8},"end":{"line":38,"column":31}},"16":{"start":{"line":42,"column":6},"end":{"line":45,"column":9}},"17":{"start":{"line":43,"column":25},"end":{"line":43,"column":91}},"18":{"start":{"line":43,"column":66},"end":{"line":43,"column":90}},"19":{"start":{"line":44,"column":8},"end":{"line":44,"column":38}},"20":{"start":{"line":47,"column":6},"end":{"line":47,"column":64}},"21":{"start":{"line":48,"column":6},"end":{"line":48,"column":29}},"22":{"start":{"line":56,"column":4},"end":{"line":61,"column":5}},"23":{"start":{"line":57,"column":26},"end":{"line":57,"column":49}},"24":{"start":{"line":58,"column":6},"end":{"line":58,"column":77}},"25":{"start":{"line":60,"column":6},"end":{"line":60,"column":63}},"26":{"start":{"line":68,"column":4},"end":{"line":70,"column":6}},"27":{"start":{"line":69,"column":6},"end":{"line":69,"column":67}},"28":{"start":{"line":77,"column":4},"end":{"line":77,"column":44}},"29":{"start":{"line":77,"column":31},"end":{"line":77,"column":42}}},"fnMap":{"0":{"name":"(anonymous_0)","decl":{"start":{"line":12,"column":2},"end":{"line":12,"column":3}},"loc":{"start":{"line":12,"column":32},"end":{"line":50,"column":3}},"line":12},"1":{"name":"(anonymous_1)","decl":{"start":{"line":28,"column":41},"end":{"line":28,"column":42}},"loc":{"start":{"line":29,"column":8},"end":{"line":33,"column":40}},"line":29},"2":{"name":"(anonymous_2)","decl":{"start":{"line":42,"column":33},"end":{"line":42,"column":34}},"loc":{"start":{"line":42,"column":47},"end":{"line":45,"column":7}},"line":42},"3":{"name":"(anonymous_3)","decl":{"start":{"line":43,"column":43},"end":{"line":43,"column":44}},"loc":{"start":{"line":43,"column":66},"end":{"line":43,"column":90}},"line":43},"4":{"name":"(anonymous_4)","decl":{"start":{"line":55,"column":2},"end":{"line":55,"column":3}},"loc":{"start":{"line":55,"column":45},"end":{"line":62,"column":3}},"line":55},"5":{"name":"(anonymous_5)","decl":{"start":{"line":67,"column":2},"end":{"line":67,"column":3}},"loc":{"start":{"line":67,"column":78},"end":{"line":71,"column":3}},"line":67},"6":{"name":"(anonymous_6)","decl":{"start":{"line":68,"column":23},"end":{"line":68,"column":24}},"loc":{"start":{"line":69,"column":6},"end":{"line":69,"column":67}},"line":69},"7":{"name":"(anonymous_7)","decl":{"start":{"line":76,"column":2},"end":{"line":76,"column":3}},"loc":{"start":{"line":76,"column":54},"end":{"line":78,"column":3}},"line":76},"8":{"name":"(anonymous_8)","decl":{"start":{"line":77,"column":24},"end":{"line":77,"column":25}},"loc":{"start":{"line":77,"column":31},"end":{"line":77,"column":42}},"line":77}},"branchMap":{"0":{"loc":{"start":{"line":15,"column":6},"end":{"line":17,"column":7}},"type":"if","locations":[{"start":{"line":15,"column":6},"end":{"line":17,"column":7}},{"start":{},"end":{}}],"line":15},"1":{"loc":{"start":{"line":22,"column":6},"end":{"line":25,"column":7}},"type":"if","locations":[{"start":{"line":22,"column":6},"end":{"line":25,"column":7}},{"start":{},"end":{}}],"line":22},"2":{"loc":{"start":{"line":29,"column":8},"end":{"line":33,"column":40}},"type":"binary-expr","locations":[{"start":{"line":29,"column":8},"end":{"line":29,"column":11}},{"start":{"line":30,"column":8},"end":{"line":30,"column":31}},{"start":{"line":31,"column":8},"end":{"line":31,"column":34}},{"start":{"line":32,"column":8},"end":{"line":32,"column":37}},{"start":{"line":33,"column":8},"end":{"line":33,"column":40}}],"line":29},"3":{"loc":{"start":{"line":36,"column":6},"end":{"line":39,"column":7}},"type":"if","locations":[{"start":{"line":36,"column":6},"end":{"line":39,"column":7}},{"start":{},"end":{}}],"line":36},"4":{"loc":{"start":{"line":44,"column":15},"end":{"line":44,"column":37}},"type":"binary-expr","locations":[{"start":{"line":44,"column":15},"end":{"line":44,"column":23}},{"start":{"line":44,"column":27},"end":{"line":44,"column":37}}],"line":44},"5":{"loc":{"start":{"line":69,"column":6},"end":{"line":69,"column":67}},"type":"cond-expr","locations":[{"start":{"line":69,"column":28},"end":{"line":69,"column":61}},{"start":{"line":69,"column":64},"end":{"line":69,"column":67}}],"line":69}},"s":{"0":1,"1":1,"2":1,"3":8,"4":8,"5":7,"6":1,"7":6,"8":5,"9":1,"10":1,"11":4,"12":12,"13":4,"14":2,"15":2,"16":2,"17":14,"18":46,"19":14,"20":2,"21":2,"22":2,"23":2,"24":2,"25":1,"26":5,"27":10,"28":4,"29":6},"f":{"0":8,"1":12,"2":14,"3":46,"4":2,"5":5,"6":10,"7":4,"8":6},"b":{"0":[1,6],"1":[1,4],"2":[12,12,12,11,10],"3":[2,2],"4":[14,4],"5":[4,6]},"_coverageSchema":"1a1c01bbd47fc00a2c39e90264f33305004495a9","hash":"e3bceb3695afd0bfa4d9426777e42a48c4ccfbf3"}
,"/home/runner/work/plane-tracker-monitor-ui/plane-tracker-monitor-ui/src/services/FlightDataService.ts": {"path":"/home/runner/work/plane-tracker-monitor-ui/plane-tracker-monitor-ui/src/services/FlightDataService.ts","statementMap":{"0":{"start":{"line":5,"column":21},"end":{"line":16,"column":3}},"1":{"start":{"line":18,"column":21},"end":{"line":21,"column":3}},"2":{"start":{"line":23,"column":21},"end":{"line":31,"column":3}},"3":{"start":{"line":34,"column":30},"end":{"line":34,"column":32}},"4":{"start":{"line":35,"column":16},"end":{"line":35,"column":26}},"5":{"start":{"line":37,"column":4},"end":{"line":63,"column":5}},"6":{"start":{"line":37,"column":17},"end":{"line":37,"column":18}},"7":{"start":{"line":38,"column":22},"end":{"line":38,"column":85}},"8":{"start":{"line":39,"column":27},"end":{"line":39,"column":87}},"9":{"start":{"line":40,"column":21},"end":{"line":40,"column":84}},"10":{"start":{"line":41,"column":26},"end":{"line":41,"column":89}},"11":{"start":{"line":43,"column":28},"end":{"line":43,"column":74}},"12":{"start":{"line":44,"column":28},"end":{"line":44,"column":118}},"13":{"start":{"line":46,"column":21},"end":{"line":46,"column":84}},"14":{"start":{"line":48,"column":6},"end":{"line":62,"column":9}},"15":{"start":{"line":65,"column":4},"end":{"line":67,"column":6}},"16":{"start":{"line":66,"column":6},"end":{"line":66,"column":79}},"17":{"start":{"line":72,"column":16},"end":{"line":72,"column":26}},"18":{"start":{"line":73,"column":26},"end":{"line":73,"column":56}},"19":{"start":{"line":76,"column":20},"end":{"line":76,"column":33}},"20":{"start":{"line":78,"column":4},"end":{"line":90,"column":5}},"21":{"start":{"line":79,"column":6},"end":{"line":89,"column":7}},"22":{"start":{"line":80,"column":8},"end":{"line":80,"column":87}},"23":{"start":{"line":81,"column":13},"end":{"line":89,"column":7}},"24":{"start":{"line":82,"column":8},"end":{"line":82,"column":42}},"25":{"start":{"line":83,"column":13},"end":{"line":89,"column":7}},"26":{"start":{"line":84,"column":8},"end":{"line":84,"column":43}},"27":{"start":{"line":85,"column":13},"end":{"line":89,"column":7}},"28":{"start":{"line":86,"column":8},"end":{"line":86,"column":78}},"29":{"start":{"line":87,"column":13},"end":{"line":89,"column":7}},"30":{"start":{"line":88,"column":8},"end":{"line":88,"column":41}},"31":{"start":{"line":92,"column":4},"end":{"line":97,"column":6}},"32":{"start":{"line":101,"column":33},"end":{"line":101,"column":56}}},"fnMap":{"0":{"name":"(anonymous_0)","decl":{"start":{"line":33,"column":2},"end":{"line":33,"column":3}},"loc":{"start":{"line":33,"column":52},"end":{"line":68,"column":3}},"line":33},"1":{"name":"(anonymous_1)","decl":{"start":{"line":65,"column":24},"end":{"line":65,"column":25}},"loc":{"start":{"line":66,"column":6},"end":{"line":66,"column":79}},"line":66},"2":{"name":"(anonymous_2)","decl":{"start":{"line":71,"column":2},"end":{"line":71,"column":3}},"loc":{"start":{"line":71,"column":39},"end":{"line":98,"column":3}},"line":71}},"branchMap":{"0":{"loc":{"start":{"line":33,"column":22},"end":{"line":33,"column":40}},"type":"default-arg","locations":[{"start":{"line":33,"column":38},"end":{"line":33,"column":40}}],"line":33},"1":{"loc":{"start":{"line":44,"column":64},"end":{"line":44,"column":116}},"type":"cond-expr","locations":[{"start":{"line":44,"column":86},"end":{"line":44,"column":112}},{"start":{"line":44,"column":115},"end":{"line":44,"column":116}}],"line":44},"2":{"loc":{"start":{"line":58,"column":18},"end":{"line":58,"column":107}},"type":"cond-expr","locations":[{"start":{"line":58,"column":54},"end":{"line":58,"column":95}},{"start":{"line":58,"column":98},"end":{"line":58,"column":107}}],"line":58},"3":{"loc":{"start":{"line":59,"column":15},"end":{"line":59,"column":100}},"type":"cond-expr","locations":[{"start":{"line":59,"column":51},"end":{"line":59,"column":88}},{"start":{"line":59,"column":91},"end":{"line":59,"column":100}}],"line":59},"4":{"loc":{"start":{"line":78,"column":4},"end":{"line":90,"column":5}},"type":"if","locations":[{"start":{"line":78,"column":4},"end":{"line":90,"column":5}},{"start":{},"end":{}}],"line":78},"5":{"loc":{"start":{"line":79,"column":6},"end":{"line":89,"column":7}},"type":"if","locations":[{"start":{"line":79,"column":6},"end":{"line":89,"column":7}},{"start":{"line":81,"column":13},"end":{"line":89,"column":7}}],"line":79},"6":{"loc":{"start":{"line":80,"column":20},"end":{"line":80,"column":86}},"type":"cond-expr","locations":[{"start":{"line":80,"column":42},"end":{"line":80,"column":63}},{"start":{"line":80,"column":66},"end":{"line":80,"column":86}}],"line":80},"7":{"loc":{"start":{"line":81,"column":13},"end":{"line":89,"column":7}},"type":"if","locations":[{"start":{"line":81,"column":13},"end":{"line":89,"column":7}},{"start":{"line":83,"column":13},"end":{"line":89,"column":7}}],"line":81},"8":{"loc":{"start":{"line":83,"column":13},"end":{"line":89,"column":7}},"type":"if","locations":[{"start":{"line":83,"column":13},"end":{"line":89,"column":7}},{"start":{"line":85,"column":13},"end":{"line":89,"column":7}}],"line":83},"9":{"loc":{"start":{"line":85,"column":13},"end":{"line":89,"column":7}},"type":"if","locations":[{"start":{"line":85,"column":13},"end":{"line":89,"column":7}},{"start":{"line":87,"column":13},"end":{"line":89,"column":7}}],"line":85},"10":{"loc":{"start":{"line":86,"column":20},"end":{"line":86,"column":77}},"type":"cond-expr","locations":[{"start":{"line":86,"column":42},"end":{"line":86,"column":55}},{"start":{"line":86,"column":58},"end":{"line":86,"column":77}}],"line":86},"11":{"loc":{"start":{"line":87,"column":13},"end":{"line":89,"column":7}},"type":"if","locations":[{"start":{"line":87,"column":13},"end":{"line":89,"column":7}},{"start":{},"end":{}}],"line":87},"12":{"loc":{"start":{"line":95,"column":16},"end":{"line":95,"column":114}},"type":"cond-expr","locations":[{"start":{"line":95,"column":55},"end":{"line":95,"column":96}},{"start":{"line":95,"column":99},"end":{"line":95,"column":114}}],"line":95},"13":{"loc":{"start":{"line":96,"column":13},"end":{"line":96,"column":104}},"type":"cond-expr","locations":[{"start":{"line":96,"column":52},"end":{"line":96,"column":89}},{"start":{"line":96,"column":92},"end":{"line":96,"column":104}}],"line":96}},"s":{"0":22,"1":22,"2":22,"3":15,"4":15,"5":15,"6":15,"7":226,"8":226,"9":226,"10":226,"11":226,"12":226,"13":226,"14":226,"15":15,"16":211,"17":9,"18":9,"19":9,"20":9,"21":8,"22":1,"23":7,"24":2,"25":5,"26":1,"27":4,"28":2,"29":2,"30":1,"31":9,"32":1},"f":{"0":15,"1":211,"2":9},"b":{"0":[1],"1":[64,162],"2":[31,195],"3":[31,195],"4":[8,1],"5":[1,7],"6":[0,1],"7":[2,5],"8":[1,4],"9":[2,2],"10":[2,0],"11":[1,1],"12":[3,6],"13":[3,6]},"_coverageSchema":"1a1c01bbd47fc00a2c39e90264f33305004495a9","hash":"ac2715e57fece3b54ba7e7d7f02f0f2ce3099f6f"}
,"/home/runner/work/plane-tracker-monitor-ui/plane-tracker-monitor-ui/src/services/ThemePreferencesService.ts": {"path":"/home/runner/work/plane-tracker-monitor-ui/plane-tracker-monitor-ui/src/services/ThemePreferencesService.ts","statementMap":{"0":{"start":{"line":3,"column":20},"end":{"line":3,"column":42}},"1":{"start":{"line":4,"column":27},"end":{"line":4,"column":30}},"2":{"start":{"line":5,"column":22},"end":{"line":5,"column":28}},"3":{"start":{"line":7,"column":39},"end":{"line":46,"column":1}},"4":{"start":{"line":13,"column":4},"end":{"line":29,"column":5}},"5":{"start":{"line":14,"column":26},"end":{"line":14,"column":50}},"6":{"start":{"line":15,"column":6},"end":{"line":17,"column":7}},"7":{"start":{"line":16,"column":8},"end":{"line":16,"column":29}},"8":{"start":{"line":20,"column":6},"end":{"line":23,"column":7}},"9":{"start":{"line":21,"column":8},"end":{"line":21,"column":59}},"10":{"start":{"line":22,"column":8},"end":{"line":22,"column":29}},"11":{"start":{"line":25,"column":6},"end":{"line":25,"column":25}},"12":{"start":{"line":27,"column":6},"end":{"line":27,"column":62}},"13":{"start":{"line":28,"column":6},"end":{"line":28,"column":27}},"14":{"start":{"line":36,"column":4},"end":{"line":44,"column":5}},"15":{"start":{"line":37,"column":6},"end":{"line":40,"column":7}},"16":{"start":{"line":38,"column":8},"end":{"line":38,"column":56}},"17":{"start":{"line":39,"column":8},"end":{"line":39,"column":15}},"18":{"start":{"line":41,"column":6},"end":{"line":41,"column":75}},"19":{"start":{"line":43,"column":6},"end":{"line":43,"column":61}}},"fnMap":{"0":{"name":"(anonymous_0)","decl":{"start":{"line":12,"column":2},"end":{"line":12,"column":3}},"loc":{"start":{"line":12,"column":22},"end":{"line":30,"column":3}},"line":12},"1":{"name":"(anonymous_1)","decl":{"start":{"line":35,"column":2},"end":{"line":35,"column":3}},"loc":{"start":{"line":35,"column":37},"end":{"line":45,"column":3}},"line":35}},"branchMap":{"0":{"loc":{"start":{"line":15,"column":6},"end":{"line":17,"column":7}},"type":"if","locations":[{"start":{"line":15,"column":6},"end":{"line":17,"column":7}},{"start":{},"end":{}}],"line":15},"1":{"loc":{"start":{"line":20,"column":6},"end":{"line":23,"column":7}},"type":"if","locations":[{"start":{"line":20,"column":6},"end":{"line":23,"column":7}},{"start":{},"end":{}}],"line":20},"2":{"loc":{"start":{"line":20,"column":10},"end":{"line":20,"column":70}},"type":"binary-expr","locations":[{"start":{"line":20,"column":10},"end":{"line":20,"column":41}},{"start":{"line":20,"column":45},"end":{"line":20,"column":70}}],"line":20},"3":{"loc":{"start":{"line":37,"column":6},"end":{"line":40,"column":7}},"type":"if","locations":[{"start":{"line":37,"column":6},"end":{"line":40,"column":7}},{"start":{},"end":{}}],"line":37},"4":{"loc":{"start":{"line":37,"column":10},"end":{"line":37,"column":66}},"type":"binary-expr","locations":[{"start":{"line":37,"column":10},"end":{"line":37,"column":39}},{"start":{"line":37,"column":43},"end":{"line":37,"column":66}}],"line":37}},"s":{"0":1,"1":1,"2":1,"3":1,"4":17,"5":17,"6":16,"7":4,"8":12,"9":1,"10":1,"11":11,"12":1,"13":1,"14":17,"15":17,"16":4,"17":4,"18":13,"19":4},"f":{"0":17,"1":17},"b":{"0":[4,12],"1":[1,11],"2":[12,12],"3":[4,13],"4":[17,15]},"_coverageSchema":"1a1c01bbd47fc00a2c39e90264f33305004495a9","hash":"97c8eb2feb3e0f96e7e58b109ae775785526fef4"}
,"/home/runner/work/plane-tracker-monitor-ui/plane-tracker-monitor-ui/src/theme/themes.ts": {"path":"/home/runner/work/plane-tracker-monitor-ui/plane-tracker-monitor-ui/src/theme/themes.ts","statementMap":{"0":{"start":{"line":24,"column":35},"end":{"line":44,"column":1}},"1":{"start":{"line":47,"column":33},"end":{"line":67,"column":1}},"2":{"start":{"line":70,"column":32},"end":{"line":90,"column":1}},"3":{"start":{"line":93,"column":32},"end":{"line":113,"column":1}},"4":{"start":{"line":116,"column":33},"end":{"line":136,"column":1}},"5":{"start":{"line":139,"column":31},"end":{"line":159,"column":1}},"6":{"start":{"line":162,"column":33},"end":{"line":182,"column":1}},"7":{"start":{"line":185,"column":33},"end":{"line":205,"column":1}}},"fnMap":{},"branchMap":{},"s":{"0":0,"1":0,"2":0,"3":0,"4":0,"5":0,"6":0,"7":0},"f":{},"b":{}}
,"/home/runner/work/plane-tracker-monitor-ui/plane-tracker-monitor-ui/src/types/ColumnConfig.ts": {"path":"/home/runner/work/plane-tracker-monitor-ui/plane-tracker-monitor-ui/src/types/ColumnConfig.ts","statementMap":{"0":{"start":{"line":16,"column":47},"end":{"line":24,"column":1}}},"fnMap":{},"branchMap":{},"s":{"0":1},"f":{},"b":{},"_coverageSchema":"1a1c01bbd47fc00a2c39e90264f33305004495a9","hash":"967dfe82be10dcb87af755ee76d3b1e416d81e73"}
,"/home/runner/work/plane-tracker-monitor-ui/plane-tracker-monitor-ui/src/types/Flight.ts": {"path":"/home/runner/work/plane-tracker-monitor-ui/plane-tracker-monitor-ui/src/types/Flight.ts","statementMap":{},"fnMap":{},"branchMap":{},"s":{},"f":{},"b":{},"_coverageSchema":"1a1c01bbd47fc00a2c39e90264f33305004495a9","hash":"c7c736fcecc1db938e4b47807db852f524731b66"}
}
