TN:
SF:src/components/ColumnSelector.tsx
FN:19,(anonymous_0)
FN:26,(anonymous_1)
FN:27,(anonymous_2)
FN:37,(anonymous_3)
FN:48,(anonymous_4)
FN:56,(anonymous_5)
FN:64,(anonymous_6)
FN:68,(anonymous_7)
FN:86,(anonymous_8)
FNF:9
FNH:8
FNDA:27,(anonymous_0)
FNDA:6,(anonymous_1)
FNDA:30,(anonymous_2)
FNDA:11,(anonymous_3)
FNDA:0,(anonymous_4)
FNDA:1,(anonymous_5)
FNDA:130,(anonymous_6)
FNDA:6,(anonymous_7)
FNDA:1,(anonymous_8)
DA:19,1
DA:24,27
DA:26,27
DA:27,6
DA:28,30
DA:30,6
DA:33,27
DA:37,11
DA:48,0
DA:56,1
DA:65,130
DA:68,6
DA:86,1
DA:99,1
LF:14
LH:13
BRDA:28,0,0,6
BRDA:28,0,1,24
BRDA:71,1,0,130
BRDA:71,1,1,98
BRF:4
BRH:4
end_of_record
TN:
SF:src/components/FlightBoardHeader.tsx
FN:13,(anonymous_0)
FN:18,(anonymous_1)
FN:19,(anonymous_2)
FNF:3
FNH:0
FNDA:0,(anonymous_0)
FNDA:0,(anonymous_1)
FNDA:0,(anonymous_2)
DA:13,0
DA:18,0
DA:19,0
DA:20,0
DA:23,0
DA:89,0
LF:6
LH:0
BRDA:20,0,0,0
BRDA:20,0,1,0
BRDA:49,1,0,0
BRDA:49,1,1,0
BRDA:54,2,0,0
BRDA:54,2,1,0
BRDA:59,3,0,0
BRDA:59,3,1,0
BRDA:64,4,0,0
BRDA:64,4,1,0
BRDA:69,5,0,0
BRDA:69,5,1,0
BRDA:74,6,0,0
BRDA:74,6,1,0
BRDA:79,7,0,0
BRDA:79,7,1,0
BRF:16
BRH:0
end_of_record
TN:
SF:src/components/FlightMonitorBoard.tsx
FN:25,(anonymous_0)
FN:31,(anonymous_1)
FN:37,(anonymous_2)
FN:42,(anonymous_3)
FN:50,(anonymous_4)
FN:62,(anonymous_5)
FN:69,(anonymous_6)
FN:72,(anonymous_7)
FN:73,(anonymous_8)
FN:74,(anonymous_9)
FN:78,(anonymous_10)
FN:81,(anonymous_11)
FN:86,(anonymous_12)
FN:112,(anonymous_13)
FNF:14
FNH:0
FNDA:0,(anonymous_0)
FNDA:0,(anonymous_1)
FNDA:0,(anonymous_2)
FNDA:0,(anonymous_3)
FNDA:0,(anonymous_4)
FNDA:0,(anonymous_5)
FNDA:0,(anonymous_6)
FNDA:0,(anonymous_7)
FNDA:0,(anonymous_8)
FNDA:0,(anonymous_9)
FNDA:0,(anonymous_10)
FNDA:0,(anonymous_11)
FNDA:0,(anonymous_12)
FNDA:0,(anonymous_13)
DA:25,0
DA:30,0
DA:31,0
DA:32,0
DA:34,0
DA:37,0
DA:38,0
DA:39,0
DA:42,0
DA:43,0
DA:44,0
DA:49,0
DA:50,0
DA:51,0
DA:52,0
DA:53,0
DA:62,0
DA:63,0
DA:69,0
DA:70,0
DA:72,0
DA:73,0
DA:74,0
DA:78,0
DA:81,0
DA:82,0
DA:83,0
DA:86,0
DA:87,0
DA:89,0
DA:101,0
DA:112,0
DA:124,0
LF:33
LH:0
BRDA:27,0,0,0
BRDA:28,1,0,0
BRDA:43,2,0,0
BRDA:43,2,1,0
BRDA:49,3,0,0
BRDA:49,3,1,0
BRDA:52,4,0,0
BRDA:52,4,1,0
BRDA:70,5,0,0
BRDA:70,5,1,0
BRDA:87,6,0,0
BRDA:87,6,1,0
BRF:12
BRH:0
end_of_record
TN:
SF:src/components/FlightRow.tsx
FN:16,(anonymous_0)
FN:24,(anonymous_1)
FN:33,(anonymous_2)
FN:38,(anonymous_3)
FN:39,(anonymous_4)
FNF:5
FNH:4
FNDA:16,(anonymous_0)
FNDA:15,(anonymous_1)
FNDA:0,(anonymous_2)
FNDA:112,(anonymous_3)
FNDA:448,(anonymous_4)
DA:16,1
DA:24,16
DA:25,15
DA:26,15
DA:33,16
DA:34,0
DA:35,0
DA:38,16
DA:39,448
DA:40,112
DA:43,16
DA:52,16
DA:125,16
DA:126,0
DA:133,16
DA:136,1
LF:16
LH:13
BRDA:35,0,0,0
BRDA:35,0,1,0
BRDA:40,1,0,112
BRDA:40,1,1,0
BRDA:46,2,0,15
BRDA:46,2,1,1
BRDA:54,3,0,16
BRDA:54,3,1,15
BRDA:63,4,0,16
BRDA:63,4,1,14
BRDA:74,5,0,16
BRDA:74,5,1,15
BRDA:83,6,0,16
BRDA:83,6,1,14
BRDA:92,7,0,16
BRDA:92,7,1,15
BRDA:101,8,0,16
BRDA:101,8,1,14
BRDA:103,9,0,14
BRDA:103,9,1,3
BRDA:112,10,0,16
BRDA:112,10,1,15
BRDA:114,11,0,15
BRDA:114,11,1,14
BRDA:125,12,0,0
BRDA:125,12,1,16
BRF:26
BRH:22
end_of_record
TN:
SF:src/components/ThemeSelector.tsx
FN:12,(anonymous_0)
FN:20,(anonymous_1)
FN:37,(anonymous_2)
FN:49,(anonymous_3)
FN:54,(anonymous_4)
FN:58,(anonymous_5)
FN:68,(anonymous_6)
FNF:7
FNH:5
FNDA:30,(anonymous_0)
FNDA:5,(anonymous_1)
FNDA:10,(anonymous_2)
FNDA:0,(anonymous_3)
FNDA:0,(anonymous_4)
FNDA:122,(anonymous_5)
FNDA:5,(anonymous_6)
DA:12,1
DA:18,30
DA:20,30
DA:21,5
DA:22,5
DA:25,30
DA:37,10
DA:49,0
DA:54,0
DA:59,122
DA:68,5
DA:91,1
LF:12
LH:10
BRDA:64,0,0,29
BRDA:64,0,1,93
BRDA:73,1,0,29
BRDA:73,1,1,93
BRDA:78,2,0,122
BRDA:78,2,1,29
BRF:6
BRH:6
end_of_record
TN:
SF:src/config/appConfig.ts
FNF:0
FNH:0
DA:10,1
DA:27,1
LF:2
LH:2
BRF:0
BRH:0
end_of_record
TN:
SF:src/services/ColumnPreferencesService.ts
FN:12,(anonymous_0)
FN:28,(anonymous_1)
FN:42,(anonymous_2)
FN:43,(anonymous_3)
FN:55,(anonymous_4)
FN:67,(anonymous_5)
FN:68,(anonymous_6)
FN:76,(anonymous_7)
FN:77,(anonymous_8)
FNF:9
FNH:9
FNDA:8,(anonymous_0)
FNDA:12,(anonymous_1)
FNDA:14,(anonymous_2)
FNDA:46,(anonymous_3)
FNDA:2,(anonymous_4)
FNDA:5,(anonymous_5)
FNDA:10,(anonymous_6)
FNDA:4,(anonymous_7)
FNDA:6,(anonymous_8)
DA:4,1
DA:5,1
DA:7,1
DA:13,8
DA:14,8
DA:15,7
DA:16,1
DA:19,6
DA:22,5
DA:23,1
DA:24,1
DA:28,4
DA:29,12
DA:36,4
DA:37,2
DA:38,2
DA:42,2
DA:43,46
DA:44,14
DA:47,2
DA:48,2
DA:56,2
DA:57,2
DA:58,2
DA:60,1
DA:68,5
DA:69,10
DA:77,6
LF:28
LH:28
BRDA:15,0,0,1
BRDA:15,0,1,6
BRDA:22,1,0,1
BRDA:22,1,1,4
BRDA:29,2,0,12
BRDA:29,2,1,12
BRDA:29,2,2,12
BRDA:29,2,3,11
BRDA:29,2,4,10
BRDA:36,3,0,2
BRDA:36,3,1,2
BRDA:44,4,0,14
BRDA:44,4,1,4
BRDA:69,5,0,4
BRDA:69,5,1,6
BRF:15
BRH:15
end_of_record
TN:
SF:src/services/FlightDataService.ts
FN:33,(anonymous_0)
FN:65,(anonymous_1)
FN:71,(anonymous_2)
FNF:3
FNH:3
FNDA:15,(anonymous_0)
FNDA:211,(anonymous_1)
FNDA:9,(anonymous_2)
DA:5,22
DA:18,22
DA:23,22
DA:34,15
DA:35,15
DA:37,15
DA:38,226
DA:39,226
DA:40,226
DA:41,226
DA:43,226
DA:44,226
DA:46,226
DA:48,226
DA:65,15
DA:66,211
DA:72,9
DA:73,9
DA:76,9
DA:78,9
DA:79,8
DA:80,1
DA:81,7
DA:82,2
DA:83,5
DA:84,1
DA:85,4
DA:86,2
DA:87,2
DA:88,1
DA:92,9
DA:101,1
LF:32
LH:32
BRDA:33,0,0,1
BRDA:44,1,0,64
BRDA:44,1,1,162
BRDA:58,2,0,31
BRDA:58,2,1,195
BRDA:59,3,0,31
BRDA:59,3,1,195
BRDA:78,4,0,8
BRDA:78,4,1,1
BRDA:79,5,0,1
BRDA:79,5,1,7
BRDA:80,6,0,0
BRDA:80,6,1,1
BRDA:81,7,0,2
BRDA:81,7,1,5
BRDA:83,8,0,1
BRDA:83,8,1,4
BRDA:85,9,0,2
BRDA:85,9,1,2
BRDA:86,10,0,2
BRDA:86,10,1,0
BRDA:87,11,0,1
BRDA:87,11,1,1
BRDA:95,12,0,3
BRDA:95,12,1,6
BRDA:96,13,0,3
BRDA:96,13,1,6
BRF:27
BRH:25
end_of_record
TN:
SF:src/services/ThemePreferencesService.ts
FN:12,(anonymous_0)
FN:35,(anonymous_1)
FNF:2
FNH:2
FNDA:17,(anonymous_0)
FNDA:17,(anonymous_1)
DA:3,1
DA:4,1
DA:5,1
DA:7,1
DA:13,17
DA:14,17
DA:15,16
DA:16,4
DA:20,12
DA:21,1
DA:22,1
DA:25,11
DA:27,1
DA:28,1
DA:36,17
DA:37,17
DA:38,4
DA:39,4
DA:41,13
DA:43,4
LF:20
LH:20
BRDA:15,0,0,4
BRDA:15,0,1,12
BRDA:20,1,0,1
BRDA:20,1,1,11
BRDA:20,2,0,12
BRDA:20,2,1,12
BRDA:37,3,0,4
BRDA:37,3,1,13
BRDA:37,4,0,17
BRDA:37,4,1,15
BRF:10
BRH:10
end_of_record
TN:
SF:src/theme/themes.ts
FNF:0
FNH:0
DA:24,0
DA:47,0
DA:70,0
DA:93,0
DA:116,0
DA:139,0
DA:162,0
DA:185,0
LF:8
LH:0
BRF:0
BRH:0
end_of_record
TN:
SF:src/types/ColumnConfig.ts
FNF:0
FNH:0
DA:16,1
LF:1
LH:1
BRF:0
BRH:0
end_of_record
TN:
SF:src/types/Flight.ts
FNF:0
FNH:0
LF:0
LH:0
BRF:0
BRH:0
end_of_record
